Command line invocation:
    /Applications/Xcode.app/Contents/Developer/usr/bin/xcodebuild -project DoodlAR.xcodeproj -scheme DoodlAR -destination "generic/platform=iOS Simulator" build

ComputePackagePrebuildTargetDependencyGraph

Prepare packages

CreateBuildRequest

SendProjectDescription

CreateBuildOperation

ComputeTargetDependencyGraph
note: Building targets in dependency order
note: Target dependency graph (1 target)
    Target 'DoodlAR' in project 'DoodlAR' (no dependencies)

GatherProvisioningInputs

CreateBuildDescription

ClangStatCache /Applications/Xcode.app/Contents/Developer/Toolchains/XcodeDefault.xctoolchain/usr/bin/clang-stat-cache /Applications/Xcode.app/Contents/Developer/Platforms/iPhoneSimulator.platform/Developer/SDKs/iPhoneSimulator26.0.sdk /Users/christian/Library/Developer/Xcode/DerivedData/SDKStatCaches.noindex/iphonesimulator26.0-23A339-26257891a6c027eb51374368541b8346.sdkstatcache
    cd /Users/christian/Desktop/programmazione/swift/DoodleAr_Testing/DoodlAR.xcodeproj
    /Applications/Xcode.app/Contents/Developer/Toolchains/XcodeDefault.xctoolchain/usr/bin/clang-stat-cache /Applications/Xcode.app/Contents/Developer/Platforms/iPhoneSimulator.platform/Developer/SDKs/iPhoneSimulator26.0.sdk -o /Users/christian/Library/Developer/Xcode/DerivedData/SDKStatCaches.noindex/iphonesimulator26.0-23A339-26257891a6c027eb51374368541b8346.sdkstatcache

SwiftDriver DoodlAR normal x86_64 com.apple.xcode.tools.swift.compiler (in target 'DoodlAR' from project 'DoodlAR')
    cd /Users/christian/Desktop/programmazione/swift/DoodleAr_Testing
    builtin-SwiftDriver -- /Applications/Xcode.app/Contents/Developer/Toolchains/XcodeDefault.xctoolchain/usr/bin/swiftc -module-name DoodlAR -Onone -enforce-exclusivity\=checked @/Users/christian/Library/Developer/Xcode/DerivedData/DoodlAR-gsiujcoftorroefzqvrogwciqmla/Build/Intermediates.noindex/DoodlAR.build/Debug-iphonesimulator/DoodlAR.build/Objects-normal/x86_64/DoodlAR.SwiftFileList -DDEBUG -enable-experimental-feature DebugDescriptionMacro -sdk /Applications/Xcode.app/Contents/Developer/Platforms/iPhoneSimulator.platform/Developer/SDKs/iPhoneSimulator26.0.sdk -target x86_64-apple-ios17.0-simulator -g -module-cache-path /Users/christian/Library/Developer/Xcode/DerivedData/ModuleCache.noindex -Xfrontend -serialize-debugging-options -profile-coverage-mapping -profile-generate -enable-testing -index-store-path /Users/christian/Library/Developer/Xcode/DerivedData/DoodlAR-gsiujcoftorroefzqvrogwciqmla/Index.noindex/DataStore -Xcc -D_LIBCPP_HARDENING_MODE\=_LIBCPP_HARDENING_MODE_DEBUG -swift-version 6 -I /Users/christian/Library/Developer/Xcode/DerivedData/DoodlAR-gsiujcoftorroefzqvrogwciqmla/Build/Products/Debug-iphonesimulator -F /Users/christian/Library/Developer/Xcode/DerivedData/DoodlAR-gsiujcoftorroefzqvrogwciqmla/Build/Products/Debug-iphonesimulator -emit-localized-strings -emit-localized-strings-path /Users/christian/Library/Developer/Xcode/DerivedData/DoodlAR-gsiujcoftorroefzqvrogwciqmla/Build/Intermediates.noindex/DoodlAR.build/Debug-iphonesimulator/DoodlAR.build/Objects-normal/x86_64 -c -j10 -enable-batch-mode -incremental -Xcc -ivfsstatcache -Xcc /Users/christian/Library/Developer/Xcode/DerivedData/SDKStatCaches.noindex/iphonesimulator26.0-23A339-26257891a6c027eb51374368541b8346.sdkstatcache -output-file-map /Users/christian/Library/Developer/Xcode/DerivedData/DoodlAR-gsiujcoftorroefzqvrogwciqmla/Build/Intermediates.noindex/DoodlAR.build/Debug-iphonesimulator/DoodlAR.build/Objects-normal/x86_64/DoodlAR-OutputFileMap.json -use-frontend-parseable-output -save-temps -no-color-diagnostics -explicit-module-build -module-cache-path /Users/christian/Library/Developer/Xcode/DerivedData/DoodlAR-gsiujcoftorroefzqvrogwciqmla/Build/Intermediates.noindex/SwiftExplicitPrecompiledModules -clang-scanner-module-cache-path /Users/christian/Library/Developer/Xcode/DerivedData/ModuleCache.noindex -sdk-module-cache-path /Users/christian/Library/Developer/Xcode/DerivedData/ModuleCache.noindex -serialize-diagnostics -emit-dependencies -emit-module -emit-module-path /Users/christian/Library/Developer/Xcode/DerivedData/DoodlAR-gsiujcoftorroefzqvrogwciqmla/Build/Intermediates.noindex/DoodlAR.build/Debug-iphonesimulator/DoodlAR.build/Objects-normal/x86_64/DoodlAR.swiftmodule -validate-clang-modules-once -clang-build-session-file /Users/christian/Library/Developer/Xcode/DerivedData/ModuleCache.noindex/Session.modulevalidation -Xcc -I/Users/christian/Library/Developer/Xcode/DerivedData/DoodlAR-gsiujcoftorroefzqvrogwciqmla/Build/Intermediates.noindex/DoodlAR.build/Debug-iphonesimulator/DoodlAR.build/swift-overrides.hmap -emit-const-values -Xfrontend -const-gather-protocols-file -Xfrontend /Users/christian/Library/Developer/Xcode/DerivedData/DoodlAR-gsiujcoftorroefzqvrogwciqmla/Build/Intermediates.noindex/DoodlAR.build/Debug-iphonesimulator/DoodlAR.build/Objects-normal/x86_64/DoodlAR_const_extract_protocols.json -Xcc -iquote -Xcc /Users/christian/Library/Developer/Xcode/DerivedData/DoodlAR-gsiujcoftorroefzqvrogwciqmla/Build/Intermediates.noindex/DoodlAR.build/Debug-iphonesimulator/DoodlAR.build/DoodlAR-generated-files.hmap -Xcc -I/Users/christian/Library/Developer/Xcode/DerivedData/DoodlAR-gsiujcoftorroefzqvrogwciqmla/Build/Intermediates.noindex/DoodlAR.build/Debug-iphonesimulator/DoodlAR.build/DoodlAR-own-target-headers.hmap -Xcc -I/Users/christian/Library/Developer/Xcode/DerivedData/DoodlAR-gsiujcoftorroefzqvrogwciqmla/Build/Intermediates.noindex/DoodlAR.build/Debug-iphonesimulator/DoodlAR.build/DoodlAR-all-target-headers.hmap -Xcc -iquote -Xcc /Users/christian/Library/Developer/Xcode/DerivedData/DoodlAR-gsiujcoftorroefzqvrogwciqmla/Build/Intermediates.noindex/DoodlAR.build/Debug-iphonesimulator/DoodlAR.build/DoodlAR-project-headers.hmap -Xcc -I/Users/christian/Library/Developer/Xcode/DerivedData/DoodlAR-gsiujcoftorroefzqvrogwciqmla/Build/Products/Debug-iphonesimulator/include -Xcc -I/Users/christian/Library/Developer/Xcode/DerivedData/DoodlAR-gsiujcoftorroefzqvrogwciqmla/Build/Intermediates.noindex/DoodlAR.build/Debug-iphonesimulator/DoodlAR.build/DerivedSources-normal/x86_64 -Xcc -I/Users/christian/Library/Developer/Xcode/DerivedData/DoodlAR-gsiujcoftorroefzqvrogwciqmla/Build/Intermediates.noindex/DoodlAR.build/Debug-iphonesimulator/DoodlAR.build/DerivedSources/x86_64 -Xcc -I/Users/christian/Library/Developer/Xcode/DerivedData/DoodlAR-gsiujcoftorroefzqvrogwciqmla/Build/Intermediates.noindex/DoodlAR.build/Debug-iphonesimulator/DoodlAR.build/DerivedSources -Xcc -DDEBUG\=1 -emit-objc-header -emit-objc-header-path /Users/christian/Library/Developer/Xcode/DerivedData/DoodlAR-gsiujcoftorroefzqvrogwciqmla/Build/Intermediates.noindex/DoodlAR.build/Debug-iphonesimulator/DoodlAR.build/Objects-normal/x86_64/DoodlAR-Swift.h -working-directory /Users/christian/Desktop/programmazione/swift/DoodleAr_Testing -experimental-emit-module-separately -disable-cmo

SwiftDriver DoodlAR normal arm64 com.apple.xcode.tools.swift.compiler (in target 'DoodlAR' from project 'DoodlAR')
    cd /Users/christian/Desktop/programmazione/swift/DoodleAr_Testing
    builtin-SwiftDriver -- /Applications/Xcode.app/Contents/Developer/Toolchains/XcodeDefault.xctoolchain/usr/bin/swiftc -module-name DoodlAR -Onone -enforce-exclusivity\=checked @/Users/christian/Library/Developer/Xcode/DerivedData/DoodlAR-gsiujcoftorroefzqvrogwciqmla/Build/Intermediates.noindex/DoodlAR.build/Debug-iphonesimulator/DoodlAR.build/Objects-normal/arm64/DoodlAR.SwiftFileList -DDEBUG -enable-experimental-feature DebugDescriptionMacro -sdk /Applications/Xcode.app/Contents/Developer/Platforms/iPhoneSimulator.platform/Developer/SDKs/iPhoneSimulator26.0.sdk -target arm64-apple-ios17.0-simulator -g -module-cache-path /Users/christian/Library/Developer/Xcode/DerivedData/ModuleCache.noindex -Xfrontend -serialize-debugging-options -profile-coverage-mapping -profile-generate -enable-testing -index-store-path /Users/christian/Library/Developer/Xcode/DerivedData/DoodlAR-gsiujcoftorroefzqvrogwciqmla/Index.noindex/DataStore -Xcc -D_LIBCPP_HARDENING_MODE\=_LIBCPP_HARDENING_MODE_DEBUG -swift-version 6 -I /Users/christian/Library/Developer/Xcode/DerivedData/DoodlAR-gsiujcoftorroefzqvrogwciqmla/Build/Products/Debug-iphonesimulator -F /Users/christian/Library/Developer/Xcode/DerivedData/DoodlAR-gsiujcoftorroefzqvrogwciqmla/Build/Products/Debug-iphonesimulator -emit-localized-strings -emit-localized-strings-path /Users/christian/Library/Developer/Xcode/DerivedData/DoodlAR-gsiujcoftorroefzqvrogwciqmla/Build/Intermediates.noindex/DoodlAR.build/Debug-iphonesimulator/DoodlAR.build/Objects-normal/arm64 -c -j10 -enable-batch-mode -incremental -Xcc -ivfsstatcache -Xcc /Users/christian/Library/Developer/Xcode/DerivedData/SDKStatCaches.noindex/iphonesimulator26.0-23A339-26257891a6c027eb51374368541b8346.sdkstatcache -output-file-map /Users/christian/Library/Developer/Xcode/DerivedData/DoodlAR-gsiujcoftorroefzqvrogwciqmla/Build/Intermediates.noindex/DoodlAR.build/Debug-iphonesimulator/DoodlAR.build/Objects-normal/arm64/DoodlAR-OutputFileMap.json -use-frontend-parseable-output -save-temps -no-color-diagnostics -explicit-module-build -module-cache-path /Users/christian/Library/Developer/Xcode/DerivedData/DoodlAR-gsiujcoftorroefzqvrogwciqmla/Build/Intermediates.noindex/SwiftExplicitPrecompiledModules -clang-scanner-module-cache-path /Users/christian/Library/Developer/Xcode/DerivedData/ModuleCache.noindex -sdk-module-cache-path /Users/christian/Library/Developer/Xcode/DerivedData/ModuleCache.noindex -serialize-diagnostics -emit-dependencies -emit-module -emit-module-path /Users/christian/Library/Developer/Xcode/DerivedData/DoodlAR-gsiujcoftorroefzqvrogwciqmla/Build/Intermediates.noindex/DoodlAR.build/Debug-iphonesimulator/DoodlAR.build/Objects-normal/arm64/DoodlAR.swiftmodule -validate-clang-modules-once -clang-build-session-file /Users/christian/Library/Developer/Xcode/DerivedData/ModuleCache.noindex/Session.modulevalidation -Xcc -I/Users/christian/Library/Developer/Xcode/DerivedData/DoodlAR-gsiujcoftorroefzqvrogwciqmla/Build/Intermediates.noindex/DoodlAR.build/Debug-iphonesimulator/DoodlAR.build/swift-overrides.hmap -emit-const-values -Xfrontend -const-gather-protocols-file -Xfrontend /Users/christian/Library/Developer/Xcode/DerivedData/DoodlAR-gsiujcoftorroefzqvrogwciqmla/Build/Intermediates.noindex/DoodlAR.build/Debug-iphonesimulator/DoodlAR.build/Objects-normal/arm64/DoodlAR_const_extract_protocols.json -Xcc -iquote -Xcc /Users/christian/Library/Developer/Xcode/DerivedData/DoodlAR-gsiujcoftorroefzqvrogwciqmla/Build/Intermediates.noindex/DoodlAR.build/Debug-iphonesimulator/DoodlAR.build/DoodlAR-generated-files.hmap -Xcc -I/Users/christian/Library/Developer/Xcode/DerivedData/DoodlAR-gsiujcoftorroefzqvrogwciqmla/Build/Intermediates.noindex/DoodlAR.build/Debug-iphonesimulator/DoodlAR.build/DoodlAR-own-target-headers.hmap -Xcc -I/Users/christian/Library/Developer/Xcode/DerivedData/DoodlAR-gsiujcoftorroefzqvrogwciqmla/Build/Intermediates.noindex/DoodlAR.build/Debug-iphonesimulator/DoodlAR.build/DoodlAR-all-target-headers.hmap -Xcc -iquote -Xcc /Users/christian/Library/Developer/Xcode/DerivedData/DoodlAR-gsiujcoftorroefzqvrogwciqmla/Build/Intermediates.noindex/DoodlAR.build/Debug-iphonesimulator/DoodlAR.build/DoodlAR-project-headers.hmap -Xcc -I/Users/christian/Library/Developer/Xcode/DerivedData/DoodlAR-gsiujcoftorroefzqvrogwciqmla/Build/Products/Debug-iphonesimulator/include -Xcc -I/Users/christian/Library/Developer/Xcode/DerivedData/DoodlAR-gsiujcoftorroefzqvrogwciqmla/Build/Intermediates.noindex/DoodlAR.build/Debug-iphonesimulator/DoodlAR.build/DerivedSources-normal/arm64 -Xcc -I/Users/christian/Library/Developer/Xcode/DerivedData/DoodlAR-gsiujcoftorroefzqvrogwciqmla/Build/Intermediates.noindex/DoodlAR.build/Debug-iphonesimulator/DoodlAR.build/DerivedSources/arm64 -Xcc -I/Users/christian/Library/Developer/Xcode/DerivedData/DoodlAR-gsiujcoftorroefzqvrogwciqmla/Build/Intermediates.noindex/DoodlAR.build/Debug-iphonesimulator/DoodlAR.build/DerivedSources -Xcc -DDEBUG\=1 -emit-objc-header -emit-objc-header-path /Users/christian/Library/Developer/Xcode/DerivedData/DoodlAR-gsiujcoftorroefzqvrogwciqmla/Build/Intermediates.noindex/DoodlAR.build/Debug-iphonesimulator/DoodlAR.build/Objects-normal/arm64/DoodlAR-Swift.h -working-directory /Users/christian/Desktop/programmazione/swift/DoodleAr_Testing -experimental-emit-module-separately -disable-cmo

SwiftCompile normal arm64 Compiling\ CreatureType.swift,\ DetectionPipeline.swift,\ DoodlARApp.swift /Users/christian/Desktop/programmazione/swift/DoodleAr_Testing/DoodlAR/Models/CreatureType.swift /Users/christian/Desktop/programmazione/swift/DoodleAr_Testing/DoodlAR/Features/SketchDetection/DetectionPipeline.swift /Users/christian/Desktop/programmazione/swift/DoodleAr_Testing/DoodlAR/App/DoodlARApp.swift (in target 'DoodlAR' from project 'DoodlAR')

SwiftCompile normal arm64 /Users/christian/Desktop/programmazione/swift/DoodleAr_Testing/DoodlAR/Models/CreatureType.swift (in target 'DoodlAR' from project 'DoodlAR')
    cd /Users/christian/Desktop/programmazione/swift/DoodleAr_Testing
    

SwiftCompile normal arm64 /Users/christian/Desktop/programmazione/swift/DoodleAr_Testing/DoodlAR/Features/SketchDetection/DetectionPipeline.swift (in target 'DoodlAR' from project 'DoodlAR')
    cd /Users/christian/Desktop/programmazione/swift/DoodleAr_Testing
    

SwiftCompile normal arm64 /Users/christian/Desktop/programmazione/swift/DoodleAr_Testing/DoodlAR/App/DoodlARApp.swift (in target 'DoodlAR' from project 'DoodlAR')
    cd /Users/christian/Desktop/programmazione/swift/DoodleAr_Testing
    

SwiftCompile normal arm64 Compiling\ ARContainerView.swift,\ ARViewModel.swift,\ AppState.swift /Users/christian/Desktop/programmazione/swift/DoodleAr_Testing/DoodlAR/Features/ARExperience/ARContainerView.swift /Users/christian/Desktop/programmazione/swift/DoodleAr_Testing/DoodlAR/Features/ARExperience/ARViewModel.swift /Users/christian/Desktop/programmazione/swift/DoodleAr_Testing/DoodlAR/App/AppState.swift (in target 'DoodlAR' from project 'DoodlAR')

SwiftCompile normal arm64 /Users/christian/Desktop/programmazione/swift/DoodleAr_Testing/DoodlAR/Features/ARExperience/ARContainerView.swift (in target 'DoodlAR' from project 'DoodlAR')
    cd /Users/christian/Desktop/programmazione/swift/DoodleAr_Testing
    

SwiftCompile normal arm64 /Users/christian/Desktop/programmazione/swift/DoodleAr_Testing/DoodlAR/Features/ARExperience/ARViewModel.swift (in target 'DoodlAR' from project 'DoodlAR')
    cd /Users/christian/Desktop/programmazione/swift/DoodleAr_Testing
    

SwiftCompile normal arm64 /Users/christian/Desktop/programmazione/swift/DoodleAr_Testing/DoodlAR/App/AppState.swift (in target 'DoodlAR' from project 'DoodlAR')
    cd /Users/christian/Desktop/programmazione/swift/DoodleAr_Testing
    

SwiftCompile normal arm64 Compiling\ Creature.swift,\ CreatureNavigator.swift,\ CreatureSpawner.swift /Users/christian/Desktop/programmazione/swift/DoodleAr_Testing/DoodlAR/Models/Creature.swift /Users/christian/Desktop/programmazione/swift/DoodleAr_Testing/DoodlAR/Features/ARExperience/CreatureNavigator.swift /Users/christian/Desktop/programmazione/swift/DoodleAr_Testing/DoodlAR/Features/ARExperience/CreatureSpawner.swift (in target 'DoodlAR' from project 'DoodlAR')

SwiftCompile normal arm64 /Users/christian/Desktop/programmazione/swift/DoodleAr_Testing/DoodlAR/Models/Creature.swift (in target 'DoodlAR' from project 'DoodlAR')
    cd /Users/christian/Desktop/programmazione/swift/DoodleAr_Testing
    

SwiftCompile normal arm64 /Users/christian/Desktop/programmazione/swift/DoodleAr_Testing/DoodlAR/Features/ARExperience/CreatureNavigator.swift (in target 'DoodlAR' from project 'DoodlAR')
    cd /Users/christian/Desktop/programmazione/swift/DoodleAr_Testing
    

SwiftCompile normal arm64 /Users/christian/Desktop/programmazione/swift/DoodleAr_Testing/DoodlAR/Features/ARExperience/CreatureSpawner.swift (in target 'DoodlAR' from project 'DoodlAR')
    cd /Users/christian/Desktop/programmazione/swift/DoodleAr_Testing
    

SwiftCompile normal arm64 Compiling\ CIImage+Extensions.swift,\ CameraView.swift,\ CameraViewModel.swift /Users/christian/Desktop/programmazione/swift/DoodleAr_Testing/DoodlAR/Utilities/CIImage+Extensions.swift /Users/christian/Desktop/programmazione/swift/DoodleAr_Testing/DoodlAR/Features/Camera/CameraView.swift /Users/christian/Desktop/programmazione/swift/DoodleAr_Testing/DoodlAR/Features/Camera/CameraViewModel.swift (in target 'DoodlAR' from project 'DoodlAR')

SwiftCompile normal arm64 /Users/christian/Desktop/programmazione/swift/DoodleAr_Testing/DoodlAR/Utilities/CIImage+Extensions.swift (in target 'DoodlAR' from project 'DoodlAR')
    cd /Users/christian/Desktop/programmazione/swift/DoodleAr_Testing
    

SwiftCompile normal arm64 /Users/christian/Desktop/programmazione/swift/DoodleAr_Testing/DoodlAR/Features/Camera/CameraView.swift (in target 'DoodlAR' from project 'DoodlAR')
    cd /Users/christian/Desktop/programmazione/swift/DoodleAr_Testing
    

SwiftCompile normal arm64 /Users/christian/Desktop/programmazione/swift/DoodleAr_Testing/DoodlAR/Features/Camera/CameraViewModel.swift (in target 'DoodlAR' from project 'DoodlAR')
    cd /Users/christian/Desktop/programmazione/swift/DoodleAr_Testing
    

SwiftCompile normal arm64 Compiling\ DoodlARError.swift,\ FeatureExtractor.swift,\ Logger+Extensions.swift /Users/christian/Desktop/programmazione/swift/DoodleAr_Testing/DoodlAR/Utilities/DoodlARError.swift /Users/christian/Desktop/programmazione/swift/DoodleAr_Testing/DoodlAR/Features/SketchDetection/FeatureExtractor.swift /Users/christian/Desktop/programmazione/swift/DoodleAr_Testing/DoodlAR/Utilities/Logger+Extensions.swift (in target 'DoodlAR' from project 'DoodlAR')

SwiftCompile normal arm64 /Users/christian/Desktop/programmazione/swift/DoodleAr_Testing/DoodlAR/Utilities/DoodlARError.swift (in target 'DoodlAR' from project 'DoodlAR')
    cd /Users/christian/Desktop/programmazione/swift/DoodleAr_Testing
    

SwiftCompile normal arm64 /Users/christian/Desktop/programmazione/swift/DoodleAr_Testing/DoodlAR/Features/SketchDetection/FeatureExtractor.swift (in target 'DoodlAR' from project 'DoodlAR')
    cd /Users/christian/Desktop/programmazione/swift/DoodleAr_Testing
    

SwiftCompile normal arm64 /Users/christian/Desktop/programmazione/swift/DoodleAr_Testing/DoodlAR/Utilities/Logger+Extensions.swift (in target 'DoodlAR' from project 'DoodlAR')
    cd /Users/christian/Desktop/programmazione/swift/DoodleAr_Testing
    

SwiftCompile normal arm64 Compiling\ SceneManager.swift,\ SendableFrame.swift,\ SketchClassifier.swift /Users/christian/Desktop/programmazione/swift/DoodleAr_Testing/DoodlAR/Features/ARExperience/SceneManager.swift /Users/christian/Desktop/programmazione/swift/DoodleAr_Testing/DoodlAR/Utilities/SendableFrame.swift /Users/christian/Desktop/programmazione/swift/DoodleAr_Testing/DoodlAR/Features/SketchDetection/SketchClassifier.swift (in target 'DoodlAR' from project 'DoodlAR')

SwiftCompile normal arm64 /Users/christian/Desktop/programmazione/swift/DoodleAr_Testing/DoodlAR/Features/ARExperience/SceneManager.swift (in target 'DoodlAR' from project 'DoodlAR')
    cd /Users/christian/Desktop/programmazione/swift/DoodleAr_Testing
    

SwiftCompile normal arm64 /Users/christian/Desktop/programmazione/swift/DoodleAr_Testing/DoodlAR/Utilities/SendableFrame.swift (in target 'DoodlAR' from project 'DoodlAR')
    cd /Users/christian/Desktop/programmazione/swift/DoodleAr_Testing
    

SwiftCompile normal arm64 /Users/christian/Desktop/programmazione/swift/DoodleAr_Testing/DoodlAR/Features/SketchDetection/SketchClassifier.swift (in target 'DoodlAR' from project 'DoodlAR')
    cd /Users/christian/Desktop/programmazione/swift/DoodleAr_Testing
    

SwiftCompile normal arm64 Compiling\ simd+Extensions.swift,\ SketchClassifierModel.swift /Users/christian/Desktop/programmazione/swift/DoodleAr_Testing/DoodlAR/Utilities/simd+Extensions.swift /Users/christian/Library/Developer/Xcode/DerivedData/DoodlAR-gsiujcoftorroefzqvrogwciqmla/Build/Intermediates.noindex/DoodlAR.build/Debug-iphonesimulator/DoodlAR.build/DerivedSources/CoreMLGenerated/SketchClassifierModel/SketchClassifierModel.swift (in target 'DoodlAR' from project 'DoodlAR')

SwiftCompile normal arm64 /Users/christian/Desktop/programmazione/swift/DoodleAr_Testing/DoodlAR/Utilities/simd+Extensions.swift (in target 'DoodlAR' from project 'DoodlAR')
    cd /Users/christian/Desktop/programmazione/swift/DoodleAr_Testing
    

SwiftCompile normal arm64 /Users/christian/Library/Developer/Xcode/DerivedData/DoodlAR-gsiujcoftorroefzqvrogwciqmla/Build/Intermediates.noindex/DoodlAR.build/Debug-iphonesimulator/DoodlAR.build/DerivedSources/CoreMLGenerated/SketchClassifierModel/SketchClassifierModel.swift (in target 'DoodlAR' from project 'DoodlAR')
    cd /Users/christian/Desktop/programmazione/swift/DoodleAr_Testing
    

SwiftCompile normal arm64 Compiling\ ClassificationResult.swift,\ CollectionView.swift,\ CollectionViewModel.swift /Users/christian/Desktop/programmazione/swift/DoodleAr_Testing/DoodlAR/Models/ClassificationResult.swift /Users/christian/Desktop/programmazione/swift/DoodleAr_Testing/DoodlAR/Features/Collection/CollectionView.swift /Users/christian/Desktop/programmazione/swift/DoodleAr_Testing/DoodlAR/Features/Collection/CollectionViewModel.swift (in target 'DoodlAR' from project 'DoodlAR')

SwiftCompile normal arm64 /Users/christian/Desktop/programmazione/swift/DoodleAr_Testing/DoodlAR/Models/ClassificationResult.swift (in target 'DoodlAR' from project 'DoodlAR')
    cd /Users/christian/Desktop/programmazione/swift/DoodleAr_Testing
    

SwiftCompile normal arm64 /Users/christian/Desktop/programmazione/swift/DoodleAr_Testing/DoodlAR/Features/Collection/CollectionView.swift (in target 'DoodlAR' from project 'DoodlAR')
    cd /Users/christian/Desktop/programmazione/swift/DoodleAr_Testing
    

SwiftCompile normal arm64 /Users/christian/Desktop/programmazione/swift/DoodleAr_Testing/DoodlAR/Features/Collection/CollectionViewModel.swift (in target 'DoodlAR' from project 'DoodlAR')
    cd /Users/christian/Desktop/programmazione/swift/DoodleAr_Testing
    

SwiftCompile normal arm64 Compiling\ MLService.swift,\ PaperDetector.swift,\ PersistedCreature.swift /Users/christian/Desktop/programmazione/swift/DoodleAr_Testing/DoodlAR/Services/MLService.swift /Users/christian/Desktop/programmazione/swift/DoodleAr_Testing/DoodlAR/Features/SketchDetection/PaperDetector.swift /Users/christian/Desktop/programmazione/swift/DoodleAr_Testing/DoodlAR/Models/PersistedCreature.swift (in target 'DoodlAR' from project 'DoodlAR')

SwiftCompile normal arm64 /Users/christian/Desktop/programmazione/swift/DoodleAr_Testing/DoodlAR/Services/MLService.swift (in target 'DoodlAR' from project 'DoodlAR')
    cd /Users/christian/Desktop/programmazione/swift/DoodleAr_Testing
    

SwiftCompile normal arm64 /Users/christian/Desktop/programmazione/swift/DoodleAr_Testing/DoodlAR/Features/SketchDetection/PaperDetector.swift (in target 'DoodlAR' from project 'DoodlAR')
    cd /Users/christian/Desktop/programmazione/swift/DoodleAr_Testing
    

SwiftCompile normal arm64 /Users/christian/Desktop/programmazione/swift/DoodleAr_Testing/DoodlAR/Models/PersistedCreature.swift (in target 'DoodlAR' from project 'DoodlAR')
    cd /Users/christian/Desktop/programmazione/swift/DoodleAr_Testing
    

SwiftCompile normal arm64 Compiling\ SketchFeatures.swift,\ SpatialAudioService.swift,\ VisionService.swift /Users/christian/Desktop/programmazione/swift/DoodleAr_Testing/DoodlAR/Models/SketchFeatures.swift /Users/christian/Desktop/programmazione/swift/DoodleAr_Testing/DoodlAR/Services/SpatialAudioService.swift /Users/christian/Desktop/programmazione/swift/DoodleAr_Testing/DoodlAR/Services/VisionService.swift (in target 'DoodlAR' from project 'DoodlAR')
Failed frontend command:
/Applications/Xcode.app/Contents/Developer/Toolchains/XcodeDefault.xctoolchain/usr/bin/swift-frontend -frontend -c /Users/christian/Desktop/programmazione/swift/DoodleAr_Testing/DoodlAR/Features/ARExperience/ARContainerView.swift /Users/christian/Desktop/programmazione/swift/DoodleAr_Testing/DoodlAR/Features/ARExperience/ARViewModel.swift /Users/christian/Desktop/programmazione/swift/DoodleAr_Testing/DoodlAR/App/AppState.swift /Users/christian/Desktop/programmazione/swift/DoodleAr_Testing/DoodlAR/Utilities/CIImage+Extensions.swift /Users/christian/Desktop/programmazione/swift/DoodleAr_Testing/DoodlAR/Features/Camera/CameraView.swift /Users/christian/Desktop/programmazione/swift/DoodleAr_Testing/DoodlAR/Features/Camera/CameraViewModel.swift /Users/christian/Desktop/programmazione/swift/DoodleAr_Testing/DoodlAR/Models/ClassificationResult.swift /Users/christian/Desktop/programmazione/swift/DoodleAr_Testing/DoodlAR/Features/Collection/CollectionView.swift /Users/christian/Desktop/programmazione/swift/DoodleAr_Testing/DoodlAR/Features/Collection/CollectionViewModel.swift /Users/christian/Desktop/programmazione/swift/DoodleAr_Testing/DoodlAR/Models/Creature.swift /Users/christian/Desktop/programmazione/swift/DoodleAr_Testing/DoodlAR/Features/ARExperience/CreatureNavigator.swift /Users/christian/Desktop/programmazione/swift/DoodleAr_Testing/DoodlAR/Features/ARExperience/CreatureSpawner.swift /Users/christian/Desktop/programmazione/swift/DoodleAr_Testing/DoodlAR/Models/CreatureType.swift /Users/christian/Desktop/programmazione/swift/DoodleAr_Testing/DoodlAR/Features/SketchDetection/DetectionPipeline.swift /Users/christian/Desktop/programmazione/swift/DoodleAr_Testing/DoodlAR/App/DoodlARApp.swift /Users/christian/Desktop/programmazione/swift/DoodleAr_Testing/DoodlAR/Utilities/DoodlARError.swift /Users/christian/Desktop/programmazione/swift/DoodleAr_Testing/DoodlAR/Features/SketchDetection/FeatureExtractor.swift /Users/christian/Desktop/programmazione/swift/DoodleAr_Testing/DoodlAR/Utilities/Logger+Extensions.swift /Users/christian/Desktop/programmazione/swift/DoodleAr_Testing/DoodlAR/Services/MLService.swift /Users/christian/Desktop/programmazione/swift/DoodleAr_Testing/DoodlAR/Features/SketchDetection/PaperDetector.swift /Users/christian/Desktop/programmazione/swift/DoodleAr_Testing/DoodlAR/Models/PersistedCreature.swift /Users/christian/Desktop/programmazione/swift/DoodleAr_Testing/DoodlAR/Features/ARExperience/SceneManager.swift /Users/christian/Desktop/programmazione/swift/DoodleAr_Testing/DoodlAR/Utilities/SendableFrame.swift /Users/christian/Desktop/programmazione/swift/DoodleAr_Testing/DoodlAR/Features/SketchDetection/SketchClassifier.swift -primary-file /Users/christian/Desktop/programmazione/swift/DoodleAr_Testing/DoodlAR/Models/SketchFeatures.swift -primary-file /Users/christian/Desktop/programmazione/swift/DoodleAr_Testing/DoodlAR/Services/SpatialAudioService.swift -primary-file /Users/christian/Desktop/programmazione/swift/DoodleAr_Testing/DoodlAR/Services/VisionService.swift /Users/christian/Desktop/programmazione/swift/DoodleAr_Testing/DoodlAR/Utilities/simd+Extensions.swift /Users/christian/Library/Developer/Xcode/DerivedData/DoodlAR-gsiujcoftorroefzqvrogwciqmla/Build/Intermediates.noindex/DoodlAR.build/Debug-iphonesimulator/DoodlAR.build/DerivedSources/CoreMLGenerated/SketchClassifierModel/SketchClassifierModel.swift -supplementary-output-file-map /Users/christian/Library/Developer/Xcode/DerivedData/DoodlAR-gsiujcoftorroefzqvrogwciqmla/Build/Intermediates.noindex/DoodlAR.build/Debug-iphonesimulator/DoodlAR.build/Objects-normal/arm64/supplementaryOutputs-18 -emit-localized-strings -emit-localized-strings-path /Users/christian/Library/Developer/Xcode/DerivedData/DoodlAR-gsiujcoftorroefzqvrogwciqmla/Build/Intermediates.noindex/DoodlAR.build/Debug-iphonesimulator/DoodlAR.build/Objects-normal/arm64 -target arm64-apple-ios17.0-simulator -disable-cross-import-overlay-search -swift-module-cross-import RealityKit /Applications/Xcode.app/Contents/Developer/Platforms/iPhoneSimulator.platform/Developer/SDKs/iPhoneSimulator26.0.sdk/System/Library/Frameworks/RealityKit.framework/Modules/RealityKit.swiftcrossimport/SwiftUI.swiftoverlay -swift-module-cross-import SwiftData /Applications/Xcode.app/Contents/Developer/Platforms/iPhoneSimulator.platform/Developer/SDKs/iPhoneSimulator26.0.sdk/System/Library/Frameworks/SwiftData.framework/Modules/SwiftData.swiftcrossimport/CoreData.swiftoverlay -swift-module-cross-import SwiftData /Applications/Xcode.app/Contents/Developer/Platforms/iPhoneSimulator.platform/Developer/SDKs/iPhoneSimulator26.0.sdk/System/Library/Frameworks/SwiftData.framework/Modules/SwiftData.swiftcrossimport/SwiftUI.swiftoverlay -load-resolved-plugin /Applications/Xcode.app/Contents/Developer/Platforms/iPhoneOS.platform/Developer/usr/lib/swift/host/plugins/libFoundationMacros.dylib\#/Applications/Xcode.app/Contents/Developer/Platforms/iPhoneOS.platform/Developer/usr/bin/swift-plugin-server\#FoundationMacros -load-resolved-plugin /Applications/Xcode.app/Contents/Developer/Platforms/iPhoneOS.platform/Developer/usr/lib/swift/host/plugins/libObservationMacros.dylib\#/Applications/Xcode.app/Contents/Developer/Platforms/iPhoneOS.platform/Developer/usr/bin/swift-plugin-server\#ObservationMacros -load-resolved-plugin /Applications/Xcode.app/Contents/Developer/Platforms/iPhoneOS.platform/Developer/usr/lib/swift/host/plugins/libPreviewsMacros.dylib\#/Applications/Xcode.app/Contents/Developer/Platforms/iPhoneOS.platform/Developer/usr/bin/swift-plugin-server\#PreviewsMacros -load-resolved-plugin /Applications/Xcode.app/Contents/Developer/Platforms/iPhoneOS.platform/Developer/usr/lib/swift/host/plugins/libSwiftDataMacros.dylib\#/Applications/Xcode.app/Contents/Developer/Platforms/iPhoneOS.platform/Developer/usr/bin/swift-plugin-server\#SwiftDataMacros -load-resolved-plugin /Applications/Xcode.app/Contents/Developer/Platforms/iPhoneOS.platform/Developer/usr/lib/swift/host/plugins/libSwiftMacros.dylib\#/Applications/Xcode.app/Contents/Developer/Platforms/iPhoneOS.platform/Developer/usr/bin/swift-plugin-server\#SwiftMacros -load-resolved-plugin /Applications/Xcode.app/Contents/Developer/Platforms/iPhoneOS.platform/Developer/usr/lib/swift/host/plugins/libSwiftUIMacros.dylib\#/Applications/Xcode.app/Contents/Developer/Platforms/iPhoneOS.platform/Developer/usr/bin/swift-plugin-server\#SwiftUIMacros -disable-implicit-swift-modules -Xcc -fno-implicit-modules -Xcc -fno-implicit-module-maps -explicit-swift-module-map-file /Users/christian/Library/Developer/Xcode/DerivedData/DoodlAR-gsiujcoftorroefzqvrogwciqmla/Build/Intermediates.noindex/DoodlAR.build/Debug-iphonesimulator/DoodlAR.build/Objects-normal/arm64/DoodlAR-dependencies-1.json -Xllvm -aarch64-use-tbi -enable-objc-interop -sdk /Applications/Xcode.app/Contents/Developer/Platforms/iPhoneSimulator.platform/Developer/SDKs/iPhoneSimulator26.0.sdk -I /Users/christian/Library/Developer/Xcode/DerivedData/DoodlAR-gsiujcoftorroefzqvrogwciqmla/Build/Products/Debug-iphonesimulator -F /Users/christian/Library/Developer/Xcode/DerivedData/DoodlAR-gsiujcoftorroefzqvrogwciqmla/Build/Products/Debug-iphonesimulator -no-color-diagnostics -Xcc -fno-color-diagnostics -enable-testing -g -debug-info-format\=dwarf -dwarf-version\=4 -module-cache-path /Users/christian/Library/Developer/Xcode/DerivedData/DoodlAR-gsiujcoftorroefzqvrogwciqmla/Build/Intermediates.noindex/SwiftExplicitPrecompiledModules -profile-generate -profile-coverage-mapping -swift-version 6 -enforce-exclusivity\=checked -Onone -D DEBUG -serialize-debugging-options -const-gather-protocols-file /Users/christian/Library/Developer/Xcode/DerivedData/DoodlAR-gsiujcoftorroefzqvrogwciqmla/Build/Intermediates.noindex/DoodlAR.build/Debug-iphonesimulator/DoodlAR.build/Objects-normal/arm64/DoodlAR_const_extract_protocols.json -enable-experimental-feature DebugDescriptionMacro -empty-abi-descriptor -validate-clang-modules-once -clang-build-session-file /Users/christian/Library/Developer/Xcode/DerivedData/ModuleCache.noindex/Session.modulevalidation -Xcc -working-directory -Xcc /Users/christian/Desktop/programmazione/swift/DoodleAr_Testing -enable-anonymous-context-mangled-names -file-compilation-dir /Users/christian/Desktop/programmazione/swift/DoodleAr_Testing -Xcc -D_LIBCPP_HARDENING_MODE\=_LIBCPP_HARDENING_MODE_DEBUG -Xcc -ivfsstatcache -Xcc /Users/christian/Library/Developer/Xcode/DerivedData/SDKStatCaches.noindex/iphonesimulator26.0-23A339-26257891a6c027eb51374368541b8346.sdkstatcache -Xcc -I/Users/christian/Library/Developer/Xcode/DerivedData/DoodlAR-gsiujcoftorroefzqvrogwciqmla/Build/Intermediates.noindex/DoodlAR.build/Debug-iphonesimulator/DoodlAR.build/swift-overrides.hmap -Xcc -iquote -Xcc /Users/christian/Library/Developer/Xcode/DerivedData/DoodlAR-gsiujcoftorroefzqvrogwciqmla/Build/Intermediates.noindex/DoodlAR.build/Debug-iphonesimulator/DoodlAR.build/DoodlAR-generated-files.hmap -Xcc -I/Users/christian/Library/Developer/Xcode/DerivedData/DoodlAR-gsiujcoftorroefzqvrogwciqmla/Build/Intermediates.noindex/DoodlAR.build/Debug-iphonesimulator/DoodlAR.build/DoodlAR-own-target-headers.hmap -Xcc -I/Users/christian/Library/Developer/Xcode/DerivedData/DoodlAR-gsiujcoftorroefzqvrogwciqmla/Build/Intermediates.noindex/DoodlAR.build/Debug-iphonesimulator/DoodlAR.build/DoodlAR-all-target-headers.hmap -Xcc -iquote -Xcc /Users/christian/Library/Developer/Xcode/DerivedData/DoodlAR-gsiujcoftorroefzqvrogwciqmla/Build/Intermediates.noindex/DoodlAR.build/Debug-iphonesimulator/DoodlAR.build/DoodlAR-project-headers.hmap -Xcc -I/Users/christian/Library/Developer/Xcode/DerivedData/DoodlAR-gsiujcoftorroefzqvrogwciqmla/Build/Products/Debug-iphonesimulator/include -Xcc -I/Users/christian/Library/Developer/Xcode/DerivedData/DoodlAR-gsiujcoftorroefzqvrogwciqmla/Build/Intermediates.noindex/DoodlAR.build/Debug-iphonesimulator/DoodlAR.build/DerivedSources-normal/arm64 -Xcc -I/Users/christian/Library/Developer/Xcode/DerivedData/DoodlAR-gsiujcoftorroefzqvrogwciqmla/Build/Intermediates.noindex/DoodlAR.build/Debug-iphonesimulator/DoodlAR.build/DerivedSources/arm64 -Xcc -I/Users/christian/Library/Developer/Xcode/DerivedData/DoodlAR-gsiujcoftorroefzqvrogwciqmla/Build/Intermediates.noindex/DoodlAR.build/Debug-iphonesimulator/DoodlAR.build/DerivedSources -Xcc -DDEBUG\=1 -no-auto-bridging-header-chaining -module-name DoodlAR -frontend-parseable-output -disable-clang-spi -target-sdk-version 26.0 -target-sdk-name iphonesimulator26.0 -clang-target arm64-apple-ios26.0-simulator -in-process-plugin-server-path /Applications/Xcode.app/Contents/Developer/Toolchains/XcodeDefault.xctoolchain/usr/lib/swift/host/libSwiftInProcPluginServer.dylib -o /Users/christian/Library/Developer/Xcode/DerivedData/DoodlAR-gsiujcoftorroefzqvrogwciqmla/Build/Intermediates.noindex/DoodlAR.build/Debug-iphonesimulator/DoodlAR.build/Objects-normal/arm64/SketchFeatures.o -o /Users/christian/Library/Developer/Xcode/DerivedData/DoodlAR-gsiujcoftorroefzqvrogwciqmla/Build/Intermediates.noindex/DoodlAR.build/Debug-iphonesimulator/DoodlAR.build/Objects-normal/arm64/SpatialAudioService.o -o /Users/christian/Library/Developer/Xcode/DerivedData/DoodlAR-gsiujcoftorroefzqvrogwciqmla/Build/Intermediates.noindex/DoodlAR.build/Debug-iphonesimulator/DoodlAR.build/Objects-normal/arm64/VisionService.o -index-unit-output-path /DoodlAR.build/Debug-iphonesimulator/DoodlAR.build/Objects-normal/arm64/SketchFeatures.o -index-unit-output-path /DoodlAR.build/Debug-iphonesimulator/DoodlAR.build/Objects-normal/arm64/SpatialAudioService.o -index-unit-output-path /DoodlAR.build/Debug-iphonesimulator/DoodlAR.build/Objects-normal/arm64/VisionService.o -index-store-path /Users/christian/Library/Developer/Xcode/DerivedData/DoodlAR-gsiujcoftorroefzqvrogwciqmla/Index.noindex/DataStore -index-system-modules

SwiftCompile normal arm64 /Users/christian/Desktop/programmazione/swift/DoodleAr_Testing/DoodlAR/Models/SketchFeatures.swift (in target 'DoodlAR' from project 'DoodlAR')
    cd /Users/christian/Desktop/programmazione/swift/DoodleAr_Testing
    

SwiftCompile normal arm64 /Users/christian/Desktop/programmazione/swift/DoodleAr_Testing/DoodlAR/Services/SpatialAudioService.swift (in target 'DoodlAR' from project 'DoodlAR')
    cd /Users/christian/Desktop/programmazione/swift/DoodleAr_Testing
    
/Users/christian/Desktop/programmazione/swift/DoodleAr_Testing/DoodlAR/Services/SpatialAudioService.swift:80:42: error: 'Configuration' is only available in iOS 18.0 or newer
        configuration: AudioFileResource.Configuration = .init()
                                         ^
/Users/christian/Desktop/programmazione/swift/DoodleAr_Testing/DoodlAR/Services/SpatialAudioService.swift:78:18: note: add '@available' attribute to enclosing instance method
    private func loadResource(
                 ^
/Users/christian/Desktop/programmazione/swift/DoodleAr_Testing/DoodlAR/Services/SpatialAudioService.swift:11:13: note: add '@available' attribute to enclosing class
final class SpatialAudioService {
            ^
/Users/christian/Desktop/programmazione/swift/DoodleAr_Testing/DoodlAR/Services/SpatialAudioService.swift:32:40: error: 'Configuration' is only available in iOS 18.0 or newer
        let config = AudioFileResource.Configuration(
                                       ^
/Users/christian/Desktop/programmazione/swift/DoodleAr_Testing/DoodlAR/Services/SpatialAudioService.swift:32:40: note: add 'if #available' version check
        let config = AudioFileResource.Configuration(
                                       ^
/Users/christian/Desktop/programmazione/swift/DoodleAr_Testing/DoodlAR/Services/SpatialAudioService.swift:29:10: note: add '@available' attribute to enclosing instance method
    func startAmbientLoop(on entity: Entity, creatureType: CreatureType, isMuted: Bool) {
         ^
/Users/christian/Desktop/programmazione/swift/DoodleAr_Testing/DoodlAR/Services/SpatialAudioService.swift:11:13: note: add '@available' attribute to enclosing class
final class SpatialAudioService {
            ^
/Users/christian/Desktop/programmazione/swift/DoodleAr_Testing/DoodlAR/Services/SpatialAudioService.swift:72:15: error: conformance of 'SpatialAudioComponent' to 'Component' is only available in iOS 18.0 or newer
        guard entity.components[SpatialAudioComponent.self] == nil else { return }
              ^
/Users/christian/Desktop/programmazione/swift/DoodleAr_Testing/DoodlAR/Services/SpatialAudioService.swift:72:15: note: add 'if #available' version check
        guard entity.components[SpatialAudioComponent.self] == nil else { return }
              ^
/Users/christian/Desktop/programmazione/swift/DoodleAr_Testing/DoodlAR/Services/SpatialAudioService.swift:71:18: note: add '@available' attribute to enclosing instance method
    private func configureSpatialAudio(on entity: Entity) {
                 ^
/Users/christian/Desktop/programmazione/swift/DoodleAr_Testing/DoodlAR/Services/SpatialAudioService.swift:11:13: note: add '@available' attribute to enclosing class
final class SpatialAudioService {
            ^
/Users/christian/Desktop/programmazione/swift/DoodleAr_Testing/DoodlAR/Services/SpatialAudioService.swift:72:33: error: 'SpatialAudioComponent' is only available in iOS 18.0 or newer
        guard entity.components[SpatialAudioComponent.self] == nil else { return }
                                ^
/Users/christian/Desktop/programmazione/swift/DoodleAr_Testing/DoodlAR/Services/SpatialAudioService.swift:72:33: note: add 'if #available' version check
        guard entity.components[SpatialAudioComponent.self] == nil else { return }
                                ^
/Users/christian/Desktop/programmazione/swift/DoodleAr_Testing/DoodlAR/Services/SpatialAudioService.swift:71:18: note: add '@available' attribute to enclosing instance method
    private func configureSpatialAudio(on entity: Entity) {
                 ^
/Users/christian/Desktop/programmazione/swift/DoodleAr_Testing/DoodlAR/Services/SpatialAudioService.swift:11:13: note: add '@available' attribute to enclosing class
final class SpatialAudioService {
            ^
/Users/christian/Desktop/programmazione/swift/DoodleAr_Testing/DoodlAR/Services/SpatialAudioService.swift:73:28: error: 'SpatialAudioComponent' is only available in iOS 18.0 or newer
        let spatialAudio = SpatialAudioComponent()
                           ^
/Users/christian/Desktop/programmazione/swift/DoodleAr_Testing/DoodlAR/Services/SpatialAudioService.swift:73:28: note: add 'if #available' version check
        let spatialAudio = SpatialAudioComponent()
                           ^
/Users/christian/Desktop/programmazione/swift/DoodleAr_Testing/DoodlAR/Services/SpatialAudioService.swift:71:18: note: add '@available' attribute to enclosing instance method
    private func configureSpatialAudio(on entity: Entity) {
                 ^
/Users/christian/Desktop/programmazione/swift/DoodleAr_Testing/DoodlAR/Services/SpatialAudioService.swift:11:13: note: add '@available' attribute to enclosing class
final class SpatialAudioService {
            ^
/Users/christian/Desktop/programmazione/swift/DoodleAr_Testing/DoodlAR/Services/SpatialAudioService.swift:74:27: error: conformance of 'SpatialAudioComponent' to 'Component' is only available in iOS 18.0 or newer
        entity.components.set(spatialAudio)
                          ^
/Users/christian/Desktop/programmazione/swift/DoodleAr_Testing/DoodlAR/Services/SpatialAudioService.swift:74:27: note: add 'if #available' version check
        entity.components.set(spatialAudio)
                          ^
/Users/christian/Desktop/programmazione/swift/DoodleAr_Testing/DoodlAR/Services/SpatialAudioService.swift:71:18: note: add '@available' attribute to enclosing instance method
    private func configureSpatialAudio(on entity: Entity) {
                 ^
/Users/christian/Desktop/programmazione/swift/DoodleAr_Testing/DoodlAR/Services/SpatialAudioService.swift:11:13: note: add '@available' attribute to enclosing class
final class SpatialAudioService {
            ^
/Users/christian/Desktop/programmazione/swift/DoodleAr_Testing/DoodlAR/Services/SpatialAudioService.swift:87:50: error: 'load(named:in:configuration:)' is only available in iOS 18.0 or newer
            let resource = try AudioFileResource.load(
                                                 ^
/Users/christian/Desktop/programmazione/swift/DoodleAr_Testing/DoodlAR/Services/SpatialAudioService.swift:87:50: note: add 'if #available' version check
            let resource = try AudioFileResource.load(
                                                 ^
/Users/christian/Desktop/programmazione/swift/DoodleAr_Testing/DoodlAR/Services/SpatialAudioService.swift:78:18: note: add '@available' attribute to enclosing instance method
    private func loadResource(
                 ^
/Users/christian/Desktop/programmazione/swift/DoodleAr_Testing/DoodlAR/Services/SpatialAudioService.swift:11:13: note: add '@available' attribute to enclosing class
final class SpatialAudioService {
            ^

SwiftCompile normal arm64 /Users/christian/Desktop/programmazione/swift/DoodleAr_Testing/DoodlAR/Services/VisionService.swift (in target 'DoodlAR' from project 'DoodlAR')
    cd /Users/christian/Desktop/programmazione/swift/DoodleAr_Testing
    

SwiftEmitModule normal x86_64 Emitting\ module\ for\ DoodlAR (in target 'DoodlAR' from project 'DoodlAR')

